# Created by Octave 4.0.2, Fri May 13 19:35:37 2016 CEST <michael@pelican>
# name: thetahatsLC
# type: matrix
# rows: 100
# columns: 9
 0.3291861208482862 0.9908095458384981 0.02438714730325989 2.065041441910554 0.8724766703331441 0.0209472772979299 0.6831805075241267 0.009256779655919705 0.336941164787575
 0.3258431709793778 0.9926791792720298 0.02495605716862833 2.034055789337664 0.8710285801380139 0.02274423004961797 0.7094806918313976 0.01105914455501676 0.3291166413482653
 0.3318204845535816 0.9891247192842306 0.02283903004980091 1.916063042248881 0.8897683436479786 0.01896210166188021 0.7160630313241483 0.009621337970798222 0.3335575147117089
 0.3252709949277454 0.989884662464387 0.02461433332406622 2.146067129362942 0.9203032694303162 0.02016158228149552 0.632215992740824 0.0118955875320178 0.3280919657570804
 0.3304783895597594 0.991281791970407 0.0253032654282694 2.159279464368747 0.9126083834277733 0.02207642153237165 0.7232789247438947 0.009342874417368719 0.3346574441893382
 0.329700673056965 0.9880717244098183 0.02191004925124983 1.847455442998595 0.887861920447971 0.01823943190629309 0.8783115637317259 0.01066901588267298 0.3311821893951121
 0.3319609567011925 0.9902555605120726 0.02447171531253468 2.04520771347696 0.9295472632957639 0.02274408609044491 0.7133373364399083 0.008299550655547227 0.3360617472285499
 0.3305107081570574 0.9914192358134355 0.02570415722559567 2.113194620533432 0.9037776992578481 0.02065837664005751 0.7161299562041945 0.01482121207135957 0.3375390912093996
 0.3286206601662155 0.9906799086385107 0.02355091999274415 1.855344372418083 0.9000408300834055 0.01593997306748551 0.738168523181099 0.01212042402270936 0.3370874144631161
 0.3269546287679806 0.9925090451283489 0.02486173919819409 2.051023335327872 0.8824246642381549 0.02037405414866689 0.7033388903240788 0.006072292683679026 0.3318693284127039
 0.3348066419694674 0.989656287938625 0.0261989658388595 2.067097121524086 0.8901051429418376 0.01768120130334465 0.633758646221195 0.009231720779012154 0.3398052058519266
 0.3306244494892977 0.9910400862211943 0.02339030333438232 2.066679472127809 0.871873798860753 0.02127909593559968 0.7208116660773178 0.007528618172153501 0.3353306800340196
 0.3292059707443519 0.9894955026891422 0.02440569809739048 2.111416395144813 0.8852351228164944 0.01922772208865675 0.7233168769531877 0.01020318825067134 0.332787403010026
 0.3294482259666763 0.9916297757127098 0.02683464405877031 2.155177723369325 0.9306482218201102 0.0235924011777526 0.7018534118209396 0.01419090847715319 0.3429004398012753
 0.3272160770590558 0.9882914124955604 0.0226047525909287 2.079790444304479 0.8758655259205703 0.01777870596344002 0.7480793546821184 0.01339582174571539 0.3323034098336664
 0.3307934628535699 0.9901483596534865 0.02517063312275978 2.114241665729482 0.8778470949528367 0.02358195033861515 0.7099577663474537 0.008296832375122725 0.3339026946892983
 0.3267814024458819 0.9912659660160628 0.02541698249536973 1.650322834091635 0.9098832907534505 0.01911684232694916 0.7507051730136604 0.01223339970921456 0.3354116232408925
 0.3301482118804239 0.9908199314899289 0.02594226459175389 2.025319726376297 0.9387539464661218 0.0204718079634857 0.6687977212677194 0.00821086500978355 0.3377870625790435
 0.3312197714721573 0.9914476382587131 0.02428797184661489 1.885990254993934 0.9007928877248935 0.01911262025472907 0.6996339959192713 0.009589984365626131 0.3343421399223909
 0.3339457931712323 0.9919119154199818 0.02517876077786057 2.026081326473828 0.8987544625176702 0.02679317970512415 0.7123017134959438 0.008576556243491873 0.3379446872423512
 0.3271085205139121 0.9911510996957191 0.02539088102701577 2.152365848259683 0.8767848584203185 0.02637797756708489 0.7136076153121027 0.009639568161273298 0.3381513401513281
 0.325104525156398 0.9894883521736887 0.02378250434694261 2.192995635815835 0.8698094883003821 0.02023360949792722 0.7621736748316907 0.01307343225732127 0.3277122739588909
 0.3294764158594891 0.9916293133764646 0.02449829028845227 1.993855461932468 0.9289001418009541 0.02098460330229689 0.717957285253412 0.008265112461601762 0.3324796296749788
 0.3250260255222786 0.9915935988870769 0.02442919109317784 2.054420105239902 0.8824884737540171 0.02309821952365948 0.7144047025173748 0.004421754494551079 0.329128774984518
 0.3326159993810781 0.991604024631811 0.02714869356440161 2.017557996177205 0.9131022150853991 0.02096655005737997 0.6909826347174814 0.01195167713653577 0.3386007158184331
 0.3309395259148658 0.9899835165664679 0.02575969246033724 2.06432272773007 0.8836087557556868 0.02279282267670821 0.6801652936371932 0.006831712584407919 0.3318510599741291
 0.3269327369417777 0.9901990760856075 0.02514869966645306 2.068647100339998 0.9303527848600975 0.02247863187146061 0.6033061861921032 0.008148387497219951 0.3374979017642321
 0.3321348212436684 0.9930833626297965 0.02939417209436387 1.921890996399923 0.9259553457397092 0.02056892707976462 0.5612726762528164 0.007814978503012718 0.3437963861271058
 0.327080913079259 0.9909653737341755 0.02535995129212845 1.966401613458605 0.9292371675453327 0.02319978387900058 0.7141351149645393 0.01343273171483735 0.3297774309467141
 0.3257394989428683 0.9899140300424587 0.02643097354623472 1.689802235168107 0.8764039489088665 0.02055257441788551 0.5593524525544591 0.007549309931427987 0.3405377741125996
 0.3285089158764425 0.9907093225592132 0.02242686208522496 1.915104637387849 0.849666410569939 0.02590306648916665 0.6682254766038291 0.006512932938063151 0.3293601736409747
 0.3289812212811956 0.9915019761433823 0.02596261669940395 1.873680499229849 0.9374702337264013 0.01771254664570321 0.6976398809507587 0.01245244129667493 0.3343056217098547
 0.3354482581131399 0.9915555765686689 0.02476805741269916 1.888925695238719 0.9099125779486257 0.02190906875920229 0.7162292535413807 0.01448112824781823 0.3394392170658972
 0.3272722652882174 0.9930552940786307 0.02722287038338624 1.944863329539438 0.867497873901104 0.02147521468282167 0.65014738650635 0.01011161022871191 0.3388621052310893
 0.3278907783977046 0.98999201142563 0.02516273274934186 1.874670470344453 0.9073701766692094 0.01587014304382122 0.7986244186839673 0.01308874941949651 0.3418836321237939
 0.328552040511132 0.9897628648334142 0.02478200170067449 1.752319617216464 0.881058096728876 0.01668508987243781 0.757167668849165 0.01231854171856506 0.3366641212520065
 0.3284294477854086 0.9921223587330456 0.02378165551829955 2.113296790084149 0.8854152373163117 0.02783315463514306 0.6961431067263614 0.008397359477521113 0.3319060849828772
 0.3324192703451597 0.9915880985878465 0.02563932877310144 2.076523800320593 0.9114953236855651 0.02324792713617034 0.7136220679231428 0.01105730385668834 0.3348291704744827
 0.3306711330982244 0.9907998434926988 0.02551602136776626 2.192982556997115 0.9224071811448231 0.02500503640285232 0.7142380781212466 0.01278065024432983 0.3419884228953117
 0.3251520301860704 0.9916665290564937 0.03001611557970093 2.249380413667134 0.9410137555364565 0.0226538172903596 0.7337691454997775 0.01264464807830692 0.3419071698021467
 0.3256973478767165 0.9906229057816091 0.02556027442131753 2.239053448952291 0.9148199244059828 0.01737134473419207 0.6939237951070191 0.0113345273015526 0.3359971807831307
 0.3315381796461744 0.9920054335456948 0.02986876493666189 1.941859612052057 0.899590460476858 0.01932115268452239 0.6936112245038661 0.0103769840477267 0.3426320740638164
 0.3313062114841042 0.9890174840592167 0.02633798996450013 1.641491986543495 0.9244823955897273 0.0243862213118408 0.6317873780257641 0.01202951935472035 0.329990145902069
 0.3275488832844326 0.9901244650003705 0.0255964875796965 1.842289735204762 0.8660229317433685 0.01932757720167644 0.6226840049254956 0.009848124055744829 0.3352595238682606
 0.3265225099818908 0.9891181649078011 0.02448089112630358 1.987661184004418 0.8815584853932492 0.01861742961223448 0.6904792239386326 0.007326031244129855 0.329521498644585
 0.3254454882539655 0.9905996104668666 0.02390002366448081 2.053299011342873 0.9431530344030522 0.02281888973887993 0.664154715963202 0.01119023290813764 0.3246078641165279
 0.3286556414123707 0.9899849234545429 0.02392707133655896 1.907194368957621 0.8912998368905169 0.01670375747483888 0.7575564035823285 0.01222128525460326 0.3403996245658864
 0.3314527939099374 0.9897319663587227 0.02276750191302295 2.053112554863298 0.8746865592789452 0.02110767397324773 0.7397543103238735 0.00477812189975134 0.3305739090709385
 0.3278473350833684 0.991463006744763 0.02686466979434368 2.091820146195263 0.9192853717045552 0.02397466992512935 0.4703361472850664 0.00811260453869196 0.334315506415293
 0.333028880440046 0.9899794375562934 0.02612195880281402 1.956872013229451 0.894700208844569 0.02188283487096912 0.7132703035907927 0.006603414087426255 0.3344978138331018
 0.3295490921282849 0.9914875626422033 0.02526198720700573 2.051973502275965 0.8986228422040493 0.02218558736780945 0.7180216973813404 0.01069151476372153 0.331350832259202
 0.3332671030184269 0.9918014260925362 0.02518084292472138 1.957725012582959 0.9049415511543604 0.02132326471279816 0.5440007864500693 0.01087026325705411 0.3377473521823031
 0.327208419455857 0.9891022832917286 0.02376573420845522 2.06149946081763 0.888506716305518 0.01975159146895793 0.7207528360700354 0.01280702725734367 0.3337942514565452
 0.3304589764965022 0.9906919311483358 0.02495214906771622 2.049531502766375 0.8910588521696231 0.01987321902498307 0.7294531629049138 0.009706434713222951 0.334193090044229
 0.3280860915777338 0.9915264329771372 0.0255892208139346 1.999146764686205 0.906485946553455 0.01814924727339672 0.7173491750672447 0.01039550699932944 0.3387495165150118
 0.3342700306092389 0.9927819868418083 0.02686838793926377 1.778454389496637 0.9507980190627662 0.02059493925636165 0.6116449646273172 0.00790997515583413 0.3414854980456518
 0.3326402515482599 0.9896330997055293 0.0247921698777701 2.047050214961287 0.9350905694938173 0.01789107038242048 0.7430373411495307 0.009089366072713559 0.3296471450325827
 0.3319025690133874 0.9901316636928768 0.02142578095179276 1.989375766431066 0.946849754860565 0.02418226908748006 0.5729076551536009 0.01244371700357091 0.3314045120025798
 0.3290409722107357 0.9913118546321079 0.0264092916483247 1.965486117407534 0.8745607344373051 0.02319575047950918 0.698419993519608 0.008462699608877345 0.3367121011093549
 0.3293879170496845 0.9909764112032179 0.02423182903898228 2.068419660449384 0.9031171993519438 0.01617235596041035 0.735587714340313 0.01306516371853316 0.3385234919541886
 0.3299235785779417 0.9910018703322685 0.02621661173953825 1.925704352710541 0.8982774321354963 0.0206466880249926 0.7339538336175 0.01231716066165095 0.3370879270269124
 0.3260482749857731 0.9909321557347079 0.02533018653808009 2.031641546769869 0.8809421286129128 0.02112056484297373 0.7149386131687387 0.01111536098942576 0.3357033208356718
 0.3245651901190995 0.9916667146556364 0.02674672042225019 2.172332059398447 0.8925842090532375 0.02193059827458655 0.6742518784419327 0.01016360888773061 0.3391916941871636
 0.3332113826561112 0.9881565998077935 0.02406807957091616 2.232697146719286 0.8854905715063952 0.01360347501042093 0.7985326323857702 0.01200748574844751 0.3330618690582234
 0.3317573720302616 0.9906661279052794 0.02552138838650828 1.996457910894567 0.9273871576932637 0.01827970604600789 0.7608826027183725 0.01163678818485724 0.3396887561094337
 0.3271675613600089 0.9898673634138041 0.02523744342030786 2.136918166262157 0.8436191403918868 0.02398325126398135 0.7007838270923544 0.006213868569593813 0.3287388874230707
 0.3345294790062875 0.9916892545495144 0.02815992549326351 2.07354696582673 0.9162013622268642 0.02726630751516681 0.7246171029706704 0.01376368190475068 0.3420953660553897
 0.3304168174622905 0.9934137582328761 0.02549751310213558 2.266076331484485 0.907775402405973 0.0210674003673988 0.6848409474207967 0.006783922288858587 0.330534794883673
 0.330248500855833 0.9917173491634654 0.0260652174220858 2.179944747030393 0.9190289094695118 0.0211021857301158 0.6900164465100252 0.01187439437003772 0.3400272636867088
 0.3342315916321902 0.9917052019609419 0.02552707112209218 2.102433851258521 0.927307876309078 0.02310711045998849 0.7138522446173502 0.01474041592565203 0.340113441195491
 0.3270999381993404 0.9914186033497902 0.02908074856914145 2.103416710329648 0.9290984848022763 0.02028719856190817 0.7154446932784203 0.01294081283251916 0.343047183195251
 0.3456469638357419 0.9909039382382604 0.02783728864678415 2.226986593910135 0.9038916926026339 0.01970799723978612 0.714906396148749 0.0129902448806121 0.3336038595925692
 0.334454964995256 0.9919814456755354 0.02510953313425193 1.902547135758283 0.8934960499044631 0.02127525830067604 0.7273301699685899 0.007419544622563343 0.3361185751111907
 0.3323032376369988 0.9909871427573108 0.02359328642835189 1.822260702130864 0.8890956871868638 0.01994699496954712 0.7214709957643028 0.009134569992112065 0.3365034332148008
 0.3298962415503963 0.9887554095073978 0.02395122235367387 1.978425333857819 0.9144937172181962 0.01667984210220527 0.7667336930679185 0.01281290710025167 0.3396307955477211
 0.3272793065591744 0.9930709006629939 0.03091902189923131 1.870520448711434 0.9095856800323229 0.02355309325278322 0.7362281069736247 0.00667803753656526 0.3386757739577011
 0.3281558402774644 0.9907187659947592 0.02416274969864919 2.019568977423011 0.8535656739553111 0.02214207959587504 0.7031566089893518 0.0100875427691415 0.3300078941061335
 0.342666096328018 0.9896222349912353 0.02377025265926021 1.970913870287861 0.9138521965869784 0.01693036606605783 0.7488855525807225 0.007468413083159179 0.3457235885199167
 0.3297919497245929 0.9932321212717777 0.02591048225932133 1.936934078767785 0.9320419242751992 0.02154142841855122 0.584771784253474 0.007850464865874067 0.3372013534228155
 0.3316953834227103 0.9907202824668325 0.02446838301032915 1.843321903994307 0.8881579218141016 0.01804647760233214 0.6895945287286407 0.008241129436702948 0.3258147550463781
 0.3322642197911069 0.988473342073184 0.02391965977557045 1.937539961814 0.9022419673384334 0.01959386685593533 0.7192968605994047 0.01052293138612909 0.3328613421080184
 0.3274319190713256 0.9918533150564431 0.02674618418956571 2.127646167856448 0.8565156026841851 0.02041009730383359 0.6886691288213046 0.002973999397597665 0.3341018957979994
 0.3197854594358256 0.9892452089596505 0.02324530455831744 2.003624056520607 0.8817736245248591 0.02647652207462616 0.6357251919636562 0.008359423353586325 0.3279377566144581
 0.3291387027883525 0.9893965688093463 0.02470193388152063 2.22196132484178 0.9279181694699591 0.02161679756797029 0.7202207291306794 0.01163550557399998 0.3333672972508699
 0.332946117517026 0.9919126102862823 0.02450983949728876 1.959523966626194 0.8799140897772875 0.02389910657384189 0.7013305195369796 0.006785610585920205 0.3359700265088207
 0.3262542522371669 0.9906114931662416 0.02735326981833212 2.199678277351532 0.9761394371713255 0.0228578899607697 0.6631133611476047 0.01237189760169411 0.3409214827642857
 0.3301190371139573 0.9899172265061783 0.02518764132536757 2.183138518801824 0.9199826058363522 0.02074667872544194 0.6684334651718505 0.008667313858985719 0.3400849671412554
 0.3309826208142813 0.9925246060484487 0.02364154098238206 2.104789367614218 0.8773553292107718 0.02214669165822285 0.7014388264646402 0.008395716938730197 0.3277440443214871
 0.3241730788407667 0.9894556308291607 0.02314515869433203 1.943268372760652 0.8887664889617337 0.02534969016597178 0.6615861056749474 0.005362932343094199 0.3303677866694827
 0.3343698551835869 0.9898255935286198 0.02302587395941516 2.156931135000255 0.8811372417167249 0.01968218995854183 0.7455194016995151 0.008549121952782275 0.3351355550977307
 0.3276185369122924 0.9899510587707889 0.0236184641087261 2.063666524892455 0.8526356532272802 0.02315138063849374 0.6916473089739407 0.004066870967412075 0.32814836063749
 0.332850627083314 0.991102992217923 0.02690854510919569 1.830531601492903 0.9382241064076702 0.02179179475329552 0.5502687106976452 0.00797418898458091 0.3378683562220642
 0.3260720125712221 0.9901396925860699 0.02364476510816009 2.075716086985159 0.8563796117208171 0.02011100623454485 0.7486407843040079 0.0112424889786288 0.3340893304326559
 0.328063306517051 0.9917753204746905 0.02591384080875873 2.165566611814927 0.9246845390249341 0.0221041900574676 0.7112768129105232 0.009188803547087596 0.3297663763438987
 0.3281084099987334 0.9912953911416643 0.02632744207758945 2.136101054490914 0.8809425156891796 0.02048949043114997 0.7081577352431221 0.01253977230699206 0.3378942021165383
 0.325680112832744 0.9902138466082389 0.02714962010290757 2.026245225490177 0.9181335774534779 0.02487284911804116 0.5607288590488257 0.008782525583686487 0.3356130317097389
 0.3279328894270991 0.9905032854409305 0.02405836206185058 1.986028083692089 0.8763658004452213 0.02544441766037437 0.699901421628279 0.006059573491443995 0.3302990634787307
 0.3282622586460483 0.990634205556304 0.02897538947758775 2.178779608200804 0.8714137067613791 0.02139518965853509 0.7195598948926724 0.01530189143337548 0.3380679480739145
 0.3309761517994045 0.990964933750181 0.0250920024564023 1.910647651575925 0.8913008948285277 0.01715633401293523 0.6390538005407287 0.00922621422859971 0.3266479447288748
 0.3274081740207285 0.9892250654635315 0.02270118908445195 1.875623553991126 0.8667149802097275 0.0200644643876963 0.6995098985560759 0.00790213481999899 0.3353198417725459


